# JRE version: Java(TM) SE Runtime Environment (8.0_121-b13) (build 1.8.0_121-b13)
# Java VM: Java HotSpot(TM) 64-Bit Server VM (25.121-b13 mixed mode linux-amd64 compressed oops)
Heap:
 garbage-first heap   total 545792K, used 259438K [0x00000000c0000000, 0x00000000c01010a8, 0x0000000100000000)
  region size 1024K, 26 young (26624K), 8 survivors (8192K)
 Metaspace       used 154881K, capacity 169360K, committed 170692K, reserved 1198080K
  class space    used 18415K, capacity 22645K, committed 23040K, reserved 1048576K
GC Heap History (10 events):
Event: 5339,991 GC heap before
{Heap before GC invocations=122 (full 0):
 garbage-first heap   total 545792K, used 477696K [0x00000000c0000000, 0x00000000c01010a8, 0x0000000100000000)
  region size 1024K, 230 young (235520K), 11 survivors (11264K)
 Metaspace       used 154579K, capacity 169130K, committed 169284K, reserved 1196032K
  class space    used 18506K, capacity 22853K, committed 22912K, reserved 1048576K
Event: 5340,017 GC heap after
Heap after GC invocations=123 (full 0):
 garbage-first heap   total 545792K, used 252416K [0x00000000c0000000, 0x00000000c01010a8, 0x0000000100000000)
  region size 1024K, 10 young (10240K), 10 survivors (10240K)
 Metaspace       used 154579K, capacity 169130K, committed 169284K, reserved 1196032K
  class space    used 18506K, capacity 22853K, committed 22912K, reserved 1048576K
}
Event: 5496,644 GC heap before
{Heap before GC invocations=123 (full 0):
 garbage-first heap   total 545792K, used 478720K [0x00000000c0000000, 0x00000000c01010a8, 0x0000000100000000)
  region size 1024K, 231 young (236544K), 10 survivors (10240K)
 Metaspace       used 154795K, capacity 169366K, committed 169540K, reserved 1196032K
  class space    used 18531K, capacity 22887K, committed 22912K, reserved 1048576K
Event: 5496,709 GC heap after
Heap after GC invocations=124 (full 0):
 garbage-first heap   total 545792K, used 252416K [0x00000000c0000000, 0x00000000c01010a8, 0x0000000100000000)
  region size 1024K, 10 young (10240K), 10 survivors (10240K)
 Metaspace       used 154795K, capacity 169366K, committed 169540K, reserved 1196032K
  class space    used 18531K, capacity 22887K, committed 22912K, reserved 1048576K
}
Event: 5571,473 GC heap before
{Heap before GC invocations=124 (full 0):
 garbage-first heap   total 545792K, used 478720K [0x00000000c0000000, 0x00000000c01010a8, 0x0000000100000000)
  region size 1024K, 231 young (236544K), 10 survivors (10240K)
 Metaspace       used 154925K, capacity 169558K, committed 169796K, reserved 1196032K
  class space    used 18534K, capacity 22887K, committed 22912K, reserved 1048576K
Event: 5571,498 GC heap after
Heap after GC invocations=125 (full 0):
 garbage-first heap   total 545792K, used 253511K [0x00000000c0000000, 0x00000000c01010a8, 0x0000000100000000)
  region size 1024K, 10 young (10240K), 10 survivors (10240K)
 Metaspace       used 154925K, capacity 169558K, committed 169796K, reserved 1196032K
  class space    used 18534K, capacity 22887K, committed 22912K, reserved 1048576K
}
Event: 5608,392 GC heap before
{Heap before GC invocations=125 (full 0):
 garbage-first heap   total 545792K, used 478791K [0x00000000c0000000, 0x00000000c01010a8, 0x0000000100000000)
  region size 1024K, 230 young (235520K), 10 survivors (10240K)
 Metaspace       used 154995K, capacity 169622K, committed 169796K, reserved 1196032K
  class space    used 18537K, capacity 22887K, committed 22912K, reserved 1048576K
Event: 5608,419 GC heap after
Heap after GC invocations=126 (full 0):
 garbage-first heap   total 545792K, used 253541K [0x00000000c0000000, 0x00000000c01010a8, 0x0000000100000000)
  region size 1024K, 8 young (8192K), 8 survivors (8192K)
 Metaspace       used 154995K, capacity 169622K, committed 169796K, reserved 1196032K
  class space    used 18537K, capacity 22887K, committed 22912K, reserved 1048576K
}
Event: 5617,614 GC heap before
{Heap before GC invocations=126 (full 0):
 garbage-first heap   total 545792K, used 332389K [0x00000000c0000000, 0x00000000c01010a8, 0x0000000100000000)
  region size 1024K, 86 young (88064K), 8 survivors (8192K)
 Metaspace       used 155605K, capacity 170512K, committed 170692K, reserved 1198080K
  class space    used 18595K, capacity 22964K, committed 23040K, reserved 1048576K
Event: 5617,641 GC heap after
Heap after GC invocations=127 (full 0):
 garbage-first heap   total 545792K, used 255842K [0x00000000c0000000, 0x00000000c01010a8, 0x0000000100000000)
  region size 1024K, 8 young (8192K), 8 survivors (8192K)
 Metaspace       used 155605K, capacity 170512K, committed 170692K, reserved 1198080K
  class space    used 18595K, capacity 22964K, committed 23040K, reserved 1048576K
}

