# JRE version: Java(TM) SE Runtime Environment (8.0_121-b13) (build 1.8.0_121-b13)
# Java VM: Java HotSpot(TM) 64-Bit Server VM (25.121-b13 mixed mode linux-amd64 compressed oops)
Heap:
 garbage-first heap   total 353280K, used 221794K [0x00000000c0000000, 0x00000000c0100ac8, 0x0000000100000000)
  region size 1024K, 29 young (29696K), 10 survivors (10240K)
 Metaspace       used 192211K, capacity 209746K, committed 211056K, reserved 1232896K
  class space    used 22900K, capacity 27924K, committed 28360K, reserved 1048576K
GC Heap History (10 events):
Event: 2663,964 GC heap before
{Heap before GC invocations=292 (full 12):
 garbage-first heap   total 353280K, used 304210K [0x00000000c0000000, 0x00000000c0100ac8, 0x0000000100000000)
  region size 1024K, 152 young (155648K), 10 survivors (10240K)
 Metaspace       used 191857K, capacity 209522K, committed 210032K, reserved 1230848K
  class space    used 22958K, capacity 28053K, committed 28360K, reserved 1048576K
Event: 2663,993 GC heap after
Heap after GC invocations=293 (full 12):
 garbage-first heap   total 353280K, used 160850K [0x00000000c0000000, 0x00000000c0100ac8, 0x0000000100000000)
  region size 1024K, 12 young (12288K), 12 survivors (12288K)
 Metaspace       used 191857K, capacity 209522K, committed 210032K, reserved 1230848K
  class space    used 22958K, capacity 28053K, committed 28360K, reserved 1048576K
}
Event: 2683,691 GC heap before
{Heap before GC invocations=293 (full 12):
 garbage-first heap   total 353280K, used 302162K [0x00000000c0000000, 0x00000000c0100ac8, 0x0000000100000000)
  region size 1024K, 150 young (153600K), 12 survivors (12288K)
 Metaspace       used 191974K, capacity 209656K, committed 210288K, reserved 1230848K
  class space    used 22959K, capacity 28054K, committed 28360K, reserved 1048576K
Event: 2683,715 GC heap after
Heap after GC invocations=294 (full 12):
 garbage-first heap   total 353280K, used 159826K [0x00000000c0000000, 0x00000000c0100ac8, 0x0000000100000000)
  region size 1024K, 11 young (11264K), 11 survivors (11264K)
 Metaspace       used 191974K, capacity 209656K, committed 210288K, reserved 1230848K
  class space    used 22959K, capacity 28054K, committed 28360K, reserved 1048576K
}
Event: 2713,692 GC heap before
{Heap before GC invocations=294 (full 12):
 garbage-first heap   total 353280K, used 303186K [0x00000000c0000000, 0x00000000c0100ac8, 0x0000000100000000)
  region size 1024K, 151 young (154624K), 11 survivors (11264K)
 Metaspace       used 192060K, capacity 209720K, committed 210288K, reserved 1230848K
  class space    used 22964K, capacity 28054K, committed 28360K, reserved 1048576K
Event: 2713,718 GC heap after
Heap after GC invocations=295 (full 12):
 garbage-first heap   total 353280K, used 161362K [0x00000000c0000000, 0x00000000c0100ac8, 0x0000000100000000)
  region size 1024K, 12 young (12288K), 12 survivors (12288K)
 Metaspace       used 192060K, capacity 209720K, committed 210288K, reserved 1230848K
  class space    used 22964K, capacity 28054K, committed 28360K, reserved 1048576K
}
Event: 2754,673 GC heap before
{Heap before GC invocations=295 (full 12):
 garbage-first heap   total 353280K, used 302674K [0x00000000c0000000, 0x00000000c0100ac8, 0x0000000100000000)
  region size 1024K, 150 young (153600K), 12 survivors (12288K)
 Metaspace       used 192234K, capacity 209994K, committed 210544K, reserved 1230848K
  class space    used 22978K, capacity 28057K, committed 28360K, reserved 1048576K
Event: 2754,697 GC heap after
Heap after GC invocations=296 (full 12):
 garbage-first heap   total 353280K, used 159962K [0x00000000c0000000, 0x00000000c0100ac8, 0x0000000100000000)
  region size 1024K, 10 young (10240K), 10 survivors (10240K)
 Metaspace       used 192234K, capacity 209994K, committed 210544K, reserved 1230848K
  class space    used 22978K, capacity 28057K, committed 28360K, reserved 1048576K
}
Event: 2757,152 GC heap before
{Heap before GC invocations=296 (full 12):
 garbage-first heap   total 353280K, used 212612K [0x00000000c0000000, 0x00000000c0100ac8, 0x0000000100000000)
  region size 1024K, 57 young (58368K), 10 survivors (10240K)
 Metaspace       used 192897K, capacity 210648K, committed 211056K, reserved 1232896K
  class space    used 23060K, capacity 28160K, committed 28360K, reserved 1048576K
Event: 2757,178 GC heap after
Heap after GC invocations=297 (full 12):
 garbage-first heap   total 353280K, used 161686K [0x00000000c0000000, 0x00000000c0100ac8, 0x0000000100000000)
  region size 1024K, 10 young (10240K), 10 survivors (10240K)
 Metaspace       used 192897K, capacity 210648K, committed 211056K, reserved 1232896K
  class space    used 23060K, capacity 28160K, committed 28360K, reserved 1048576K
}

